<?xml version="1.0" encoding="UTF-8"?>
<!-- Generated by org.testng.reporters.JUnitReportReporter -->
<testsuite hostname="STS-1413" failures="0" tests="2" name="tests.login_with_dd" time="31.796" errors="0" timestamp="2021-02-19T04:21:34 GMT-11:00" skipped="0">
  <testcase classname="tests.login_with_dd" name="login" time="12.224"/>
  <system-out/>
  <testcase classname="tests.login_with_dd" name="login" time="19.572"/>
  <system-out/>
</testsuite> <!-- tests.login_with_dd -->
