<?xml version="1.0" encoding="UTF-8"?>
<!-- Generated by org.testng.reporters.JUnitReportReporter -->
<testsuite hostname="STS-1413" failures="0" tests="1" name="tests.LoginTest" time="9.944" errors="0" timestamp="2021-02-26T06:34:12 GMT-11:00" skipped="0">
  <testcase classname="tests.LoginTest" name="login" time="9.944"/>
  <system-out/>
</testsuite> <!-- tests.LoginTest -->
