<?xml version="1.0" encoding="UTF-8"?>
<!-- Generated by org.testng.reporters.JUnitReportReporter -->
<testsuite hostname="STS-1413" failures="0" tests="1" name="tests.suspend_func" time="15.541" errors="0" timestamp="2021-02-19T04:41:09 GMT-11:00" skipped="0">
  <testcase classname="tests.suspend_func" name="suspend" time="15.541"/>
  <system-out/>
</testsuite> <!-- tests.suspend_func -->
